<?xml version="1.0" encoding="UTF-8"?>
<testng-results ignored="0" total="2" passed="2" failed="0" skipped="0">
  <reporter-output>
  </reporter-output>
  <suite started-at="2025-05-19T13:13:12 CDT" name="Default Suite" finished-at="2025-05-19T13:13:31 CDT" duration-ms="19505">
    <groups>
      <group name="cucumber">
        <method signature="AbstractTestNGCucumberTests.runScenario(io.cucumber.testng.PickleWrapper,io.cucumber.testng.FeatureWrapper)[pri:0, instance:com.examples.testRunner.TestNGRunner@4c371370]" name="runScenario" class="io.cucumber.testng.AbstractTestNGCucumberTests"/>
      </group> <!-- cucumber -->
    </groups>
    <test started-at="2025-05-19T13:13:12 CDT" name="QEA" finished-at="2025-05-19T13:13:31 CDT" duration-ms="19505">
      <class name="com.examples.testRunner.TestNGRunner">
        <test-method is-config="true" signature="setUpClass(org.testng.ITestContext)[pri:0, instance:com.examples.testRunner.TestNGRunner@4c371370]" started-at="2025-05-19T13:13:12 CDT" name="setUpClass" finished-at="2025-05-19T13:13:12 CDT" duration-ms="204" status="PASS">
          <params>
            <param index="0">
              <value>
                <![CDATA[org.testng.TestRunner@53f48368]]>
              </value>
            </param>
          </params>
          <reporter-output>
          </reporter-output>
        </test-method> <!-- setUpClass -->
        <test-method signature="runScenario(io.cucumber.testng.PickleWrapper,io.cucumber.testng.FeatureWrapper)[pri:0, instance:com.examples.testRunner.TestNGRunner@4c371370]" started-at="2025-05-19T13:13:12 CDT" name="runScenario" description="Runs Cucumber Scenarios" data-provider="scenarios" finished-at="2025-05-19T13:13:31 CDT" duration-ms="19114" status="PASS">
          <params>
            <param index="0">
              <value>
                <![CDATA["Searching for Macbook Pro"]]>
              </value>
            </param>
            <param index="1">
              <value>
                <![CDATA["Adding and removing laptop from cart"]]>
              </value>
            </param>
          </params>
          <reporter-output>
          </reporter-output>
        </test-method> <!-- runScenario -->
        <test-method signature="runScenario(io.cucumber.testng.PickleWrapper,io.cucumber.testng.FeatureWrapper)[pri:0, instance:com.examples.testRunner.TestNGRunner@4c371370]" started-at="2025-05-19T13:13:12 CDT" name="runScenario" description="Runs Cucumber Scenarios" data-provider="scenarios" finished-at="2025-05-19T13:13:31 CDT" duration-ms="19270" status="PASS">
          <params>
            <param index="0">
              <value>
                <![CDATA["Login checking"]]>
              </value>
            </param>
            <param index="1">
              <value>
                <![CDATA["Login and Password Validation"]]>
              </value>
            </param>
          </params>
          <reporter-output>
          </reporter-output>
        </test-method> <!-- runScenario -->
        <test-method is-config="true" signature="tearDownClass()[pri:0, instance:com.examples.testRunner.TestNGRunner@4c371370]" started-at="2025-05-19T13:13:31 CDT" name="tearDownClass" finished-at="2025-05-19T13:13:31 CDT" duration-ms="13" status="PASS">
          <reporter-output>
          </reporter-output>
        </test-method> <!-- tearDownClass -->
      </class> <!-- com.examples.testRunner.TestNGRunner -->
    </test> <!-- QEA -->
  </suite> <!-- Default Suite -->
</testng-results>
